2021-06-29 09:01:53,168 INFO com.marklogic.appdeployer.DefaultAppConfigFactory [http-nio-8080-exec-8] App host: localhost
2021-06-29 09:01:53,197 INFO com.marklogic.appdeployer.DefaultAppConfigFactory [http-nio-8080-exec-8] REST admin username: hubdev
2021-06-29 09:01:53,199 INFO com.marklogic.appdeployer.DefaultAppConfigFactory [http-nio-8080-exec-8] App Services username: hubdev
2021-06-29 09:01:53,201 INFO com.marklogic.mgmt.admin.DefaultAdminConfigFactory [http-nio-8080-exec-8] Admin interface host: localhost
2021-06-29 09:01:53,202 INFO com.marklogic.mgmt.admin.DefaultAdminConfigFactory [http-nio-8080-exec-8] Admin interface username: hubdev
2021-06-29 09:01:53,204 INFO com.marklogic.mgmt.DefaultManageConfigFactory [http-nio-8080-exec-8] Manage host: localhost
2021-06-29 09:01:53,208 INFO com.marklogic.mgmt.DefaultManageConfigFactory [http-nio-8080-exec-8] Manage username: hubdev
2021-06-29 09:01:53,208 INFO com.marklogic.mgmt.DefaultManageConfigFactory [http-nio-8080-exec-8] Manage user with security role: hubdev
2021-06-29 09:01:53,624 INFO com.marklogic.mgmt.ManageClient [http-nio-8080-exec-8] Initializing ManageClient with manage config of: [ManageConfig host: localhost, port: 8002, username: hubdev, security username: hubdev]
2021-06-29 09:01:53,979 INFO com.marklogic.mgmt.ManageClient [http-nio-8080-exec-8] Initializing ManageClient with manage config of: [ManageConfig host: localhost, port: 8002, username: hubdev, security username: hubdev]
2021-06-29 09:26:27,906 INFO com.marklogic.appdeployer.DefaultAppConfigFactory [http-nio-8080-exec-4] App host: localhost
2021-06-29 09:26:27,909 INFO com.marklogic.appdeployer.DefaultAppConfigFactory [http-nio-8080-exec-4] REST admin username: hubdev
2021-06-29 09:26:27,910 INFO com.marklogic.appdeployer.DefaultAppConfigFactory [http-nio-8080-exec-4] App Services username: hubdev
2021-06-29 09:26:27,912 INFO com.marklogic.mgmt.admin.DefaultAdminConfigFactory [http-nio-8080-exec-4] Admin interface host: localhost
2021-06-29 09:26:27,912 INFO com.marklogic.mgmt.admin.DefaultAdminConfigFactory [http-nio-8080-exec-4] Admin interface username: hubdev
2021-06-29 09:26:27,913 INFO com.marklogic.mgmt.DefaultManageConfigFactory [http-nio-8080-exec-4] Manage host: localhost
2021-06-29 09:26:27,914 INFO com.marklogic.mgmt.DefaultManageConfigFactory [http-nio-8080-exec-4] Manage username: hubdev
2021-06-29 09:26:27,915 INFO com.marklogic.mgmt.DefaultManageConfigFactory [http-nio-8080-exec-4] Manage user with security role: hubdev
2021-06-29 09:26:28,290 INFO com.marklogic.mgmt.ManageClient [http-nio-8080-exec-4] Initializing ManageClient with manage config of: [ManageConfig host: localhost, port: 8002, username: hubdev, security username: hubdev]
2021-06-29 09:26:28,650 INFO com.marklogic.mgmt.ManageClient [http-nio-8080-exec-4] Initializing ManageClient with manage config of: [ManageConfig host: localhost, port: 8002, username: hubdev, security username: hubdev]
2021-06-29 09:48:12,682 INFO com.marklogic.appdeployer.DefaultAppConfigFactory [http-nio-8080-exec-7] App host: localhost
2021-06-29 09:48:12,683 INFO com.marklogic.appdeployer.DefaultAppConfigFactory [http-nio-8080-exec-7] REST admin username: hubdev
2021-06-29 09:48:12,684 INFO com.marklogic.appdeployer.DefaultAppConfigFactory [http-nio-8080-exec-7] App Services username: hubdev
2021-06-29 09:48:12,687 INFO com.marklogic.mgmt.admin.DefaultAdminConfigFactory [http-nio-8080-exec-7] Admin interface host: localhost
2021-06-29 09:48:12,688 INFO com.marklogic.mgmt.admin.DefaultAdminConfigFactory [http-nio-8080-exec-7] Admin interface username: hubdev
2021-06-29 09:48:12,691 INFO com.marklogic.mgmt.DefaultManageConfigFactory [http-nio-8080-exec-7] Manage host: localhost
2021-06-29 09:48:12,692 INFO com.marklogic.mgmt.DefaultManageConfigFactory [http-nio-8080-exec-7] Manage username: hubdev
2021-06-29 09:48:12,693 INFO com.marklogic.mgmt.DefaultManageConfigFactory [http-nio-8080-exec-7] Manage user with security role: hubdev
2021-06-29 09:48:13,063 INFO com.marklogic.mgmt.ManageClient [http-nio-8080-exec-7] Initializing ManageClient with manage config of: [ManageConfig host: localhost, port: 8002, username: hubdev, security username: hubdev]
2021-06-29 09:48:13,400 INFO com.marklogic.mgmt.ManageClient [http-nio-8080-exec-7] Initializing ManageClient with manage config of: [ManageConfig host: localhost, port: 8002, username: hubdev, security username: hubdev]
2021-06-29 10:09:39,305 INFO com.marklogic.hub.central.controllers.FlowController [http-nio-8080-exec-4] Uploading files to C:\Users\pvanderv\AppData\Local\Temp\ingestion-2685905117081158230 in the server. If 'inputFilePath'  is specified in the ingestion step, this path overrides it.
2021-06-29 10:09:39,500 INFO com.marklogic.hub.central.controllers.FlowController [http-nio-8080-exec-4] Files successfully uploaded
2021-06-29 10:09:40,323 INFO com.marklogic.hub.collector.impl.FileCollector [pool-116-thread-1] Finding files in directory: C:\Users\pvanderv\AppData\Local\Temp\ingestion-2685905117081158230
2021-06-29 10:09:42,078 INFO com.marklogic.client.datamovement.impl.WriteBatcherImpl [pool-116-thread-1] (withForestConfig) Using forests on [localhost] hosts for "quantum-STAGING"
2021-06-29 10:09:42,079 INFO com.marklogic.client.datamovement.impl.WriteBatcherImpl [pool-116-thread-1] Adding DatabaseClient on port 8020 for host "localhost" to the rotation
2021-06-29 10:09:42,080 INFO com.marklogic.client.datamovement.impl.WriteBatcherImpl [pool-116-thread-1] threadCount=4
2021-06-29 10:09:42,081 INFO com.marklogic.client.datamovement.impl.WriteBatcherImpl [pool-116-thread-1] batchSize=100
2021-06-29 10:09:52,581 WARN okhttp3.internal.platform.Platform [OkHttp ConnectionPool] A connection to http://localhost:8023/ was leaked. Did you forget to close a response body? To see where this was allocated, set the OkHttpClient logger level to FINE: Logger.getLogger(OkHttpClient.class.getName()).setLevel(Level.FINE);
2021-06-29 10:09:52,587 WARN okhttp3.internal.platform.Platform [OkHttp ConnectionPool] A connection to http://localhost:8023/ was leaked. Did you forget to close a response body? To see where this was allocated, set the OkHttpClient logger level to FINE: Logger.getLogger(OkHttpClient.class.getName()).setLevel(Level.FINE);
2021-06-29 10:09:52,588 WARN okhttp3.internal.platform.Platform [OkHttp ConnectionPool] A connection to http://localhost:8023/ was leaked. Did you forget to close a response body? To see where this was allocated, set the OkHttpClient logger level to FINE: Logger.getLogger(OkHttpClient.class.getName()).setLevel(Level.FINE);
2021-06-29 10:09:52,588 WARN okhttp3.internal.platform.Platform [OkHttp ConnectionPool] A connection to http://localhost:8023/ was leaked. Did you forget to close a response body? To see where this was allocated, set the OkHttpClient logger level to FINE: Logger.getLogger(OkHttpClient.class.getName()).setLevel(Level.FINE);
2021-06-29 10:09:52,589 WARN okhttp3.internal.platform.Platform [OkHttp ConnectionPool] A connection to http://localhost:8023/ was leaked. Did you forget to close a response body? To see where this was allocated, set the OkHttpClient logger level to FINE: Logger.getLogger(OkHttpClient.class.getName()).setLevel(Level.FINE);
2021-06-29 10:09:52,589 WARN okhttp3.internal.platform.Platform [OkHttp ConnectionPool] A connection to http://localhost:8023/ was leaked. Did you forget to close a response body? To see where this was allocated, set the OkHttpClient logger level to FINE: Logger.getLogger(OkHttpClient.class.getName()).setLevel(Level.FINE);
2021-06-29 10:09:52,590 WARN okhttp3.internal.platform.Platform [OkHttp ConnectionPool] A connection to http://localhost:8023/ was leaked. Did you forget to close a response body? To see where this was allocated, set the OkHttpClient logger level to FINE: Logger.getLogger(OkHttpClient.class.getName()).setLevel(Level.FINE);
2021-06-29 10:09:52,591 WARN okhttp3.internal.platform.Platform [OkHttp ConnectionPool] A connection to http://localhost:8023/ was leaked. Did you forget to close a response body? To see where this was allocated, set the OkHttpClient logger level to FINE: Logger.getLogger(OkHttpClient.class.getName()).setLevel(Level.FINE);
2021-06-29 10:09:52,591 WARN okhttp3.internal.platform.Platform [OkHttp ConnectionPool] A connection to http://localhost:8023/ was leaked. Did you forget to close a response body? To see where this was allocated, set the OkHttpClient logger level to FINE: Logger.getLogger(OkHttpClient.class.getName()).setLevel(Level.FINE);
2021-06-29 10:09:52,592 WARN okhttp3.internal.platform.Platform [OkHttp ConnectionPool] A connection to http://localhost:8023/ was leaked. Did you forget to close a response body? To see where this was allocated, set the OkHttpClient logger level to FINE: Logger.getLogger(OkHttpClient.class.getName()).setLevel(Level.FINE);
2021-06-29 10:09:52,592 WARN okhttp3.internal.platform.Platform [OkHttp ConnectionPool] A connection to http://localhost:8023/ was leaked. Did you forget to close a response body? To see where this was allocated, set the OkHttpClient logger level to FINE: Logger.getLogger(OkHttpClient.class.getName()).setLevel(Level.FINE);
2021-06-29 10:09:52,592 WARN okhttp3.internal.platform.Platform [OkHttp ConnectionPool] A connection to http://localhost:8023/ was leaked. Did you forget to close a response body? To see where this was allocated, set the OkHttpClient logger level to FINE: Logger.getLogger(OkHttpClient.class.getName()).setLevel(Level.FINE);
2021-06-29 10:09:52,593 WARN okhttp3.internal.platform.Platform [OkHttp ConnectionPool] A connection to http://localhost:8023/ was leaked. Did you forget to close a response body? To see where this was allocated, set the OkHttpClient logger level to FINE: Logger.getLogger(OkHttpClient.class.getName()).setLevel(Level.FINE);
2021-06-29 10:09:52,594 WARN okhttp3.internal.platform.Platform [OkHttp ConnectionPool] A connection to http://localhost:8023/ was leaked. Did you forget to close a response body? To see where this was allocated, set the OkHttpClient logger level to FINE: Logger.getLogger(OkHttpClient.class.getName()).setLevel(Level.FINE);
2021-06-29 10:09:52,594 WARN okhttp3.internal.platform.Platform [OkHttp ConnectionPool] A connection to http://localhost:8023/ was leaked. Did you forget to close a response body? To see where this was allocated, set the OkHttpClient logger level to FINE: Logger.getLogger(OkHttpClient.class.getName()).setLevel(Level.FINE);
2021-06-29 10:09:52,594 WARN okhttp3.internal.platform.Platform [OkHttp ConnectionPool] A connection to http://localhost:8023/ was leaked. Did you forget to close a response body? To see where this was allocated, set the OkHttpClient logger level to FINE: Logger.getLogger(OkHttpClient.class.getName()).setLevel(Level.FINE);
2021-06-29 10:09:52,595 WARN okhttp3.internal.platform.Platform [OkHttp ConnectionPool] A connection to http://localhost:8023/ was leaked. Did you forget to close a response body? To see where this was allocated, set the OkHttpClient logger level to FINE: Logger.getLogger(OkHttpClient.class.getName()).setLevel(Level.FINE);
2021-06-29 10:09:52,595 WARN okhttp3.internal.platform.Platform [OkHttp ConnectionPool] A connection to http://localhost:8023/ was leaked. Did you forget to close a response body? To see where this was allocated, set the OkHttpClient logger level to FINE: Logger.getLogger(OkHttpClient.class.getName()).setLevel(Level.FINE);
2021-06-29 10:09:52,596 WARN okhttp3.internal.platform.Platform [OkHttp ConnectionPool] A connection to http://localhost:8023/ was leaked. Did you forget to close a response body? To see where this was allocated, set the OkHttpClient logger level to FINE: Logger.getLogger(OkHttpClient.class.getName()).setLevel(Level.FINE);
2021-06-29 10:09:52,596 WARN okhttp3.internal.platform.Platform [OkHttp ConnectionPool] A connection to http://localhost:8023/ was leaked. Did you forget to close a response body? To see where this was allocated, set the OkHttpClient logger level to FINE: Logger.getLogger(OkHttpClient.class.getName()).setLevel(Level.FINE);
2021-06-29 10:09:52,596 WARN okhttp3.internal.platform.Platform [OkHttp ConnectionPool] A connection to http://localhost:8023/ was leaked. Did you forget to close a response body? To see where this was allocated, set the OkHttpClient logger level to FINE: Logger.getLogger(OkHttpClient.class.getName()).setLevel(Level.FINE);
2021-06-29 10:09:52,597 WARN okhttp3.internal.platform.Platform [OkHttp ConnectionPool] A connection to http://localhost:8023/ was leaked. Did you forget to close a response body? To see where this was allocated, set the OkHttpClient logger level to FINE: Logger.getLogger(OkHttpClient.class.getName()).setLevel(Level.FINE);
2021-06-29 10:09:52,598 WARN okhttp3.internal.platform.Platform [OkHttp ConnectionPool] A connection to http://localhost:8023/ was leaked. Did you forget to close a response body? To see where this was allocated, set the OkHttpClient logger level to FINE: Logger.getLogger(OkHttpClient.class.getName()).setLevel(Level.FINE);
2021-06-29 10:09:52,598 WARN okhttp3.internal.platform.Platform [OkHttp ConnectionPool] A connection to http://localhost:8023/ was leaked. Did you forget to close a response body? To see where this was allocated, set the OkHttpClient logger level to FINE: Logger.getLogger(OkHttpClient.class.getName()).setLevel(Level.FINE);
2021-06-29 10:09:52,599 WARN okhttp3.internal.platform.Platform [OkHttp ConnectionPool] A connection to http://localhost:8023/ was leaked. Did you forget to close a response body? To see where this was allocated, set the OkHttpClient logger level to FINE: Logger.getLogger(OkHttpClient.class.getName()).setLevel(Level.FINE);
2021-06-29 10:09:52,599 WARN okhttp3.internal.platform.Platform [OkHttp ConnectionPool] A connection to http://localhost:8023/ was leaked. Did you forget to close a response body? To see where this was allocated, set the OkHttpClient logger level to FINE: Logger.getLogger(OkHttpClient.class.getName()).setLevel(Level.FINE);
2021-06-29 10:09:52,600 WARN okhttp3.internal.platform.Platform [OkHttp ConnectionPool] A connection to http://localhost:8023/ was leaked. Did you forget to close a response body? To see where this was allocated, set the OkHttpClient logger level to FINE: Logger.getLogger(OkHttpClient.class.getName()).setLevel(Level.FINE);
2021-06-29 10:09:52,600 WARN okhttp3.internal.platform.Platform [OkHttp ConnectionPool] A connection to http://localhost:8023/ was leaked. Did you forget to close a response body? To see where this was allocated, set the OkHttpClient logger level to FINE: Logger.getLogger(OkHttpClient.class.getName()).setLevel(Level.FINE);
2021-06-29 10:09:52,601 WARN okhttp3.internal.platform.Platform [OkHttp ConnectionPool] A connection to http://localhost:8023/ was leaked. Did you forget to close a response body? To see where this was allocated, set the OkHttpClient logger level to FINE: Logger.getLogger(OkHttpClient.class.getName()).setLevel(Level.FINE);
2021-06-29 10:09:52,602 WARN okhttp3.internal.platform.Platform [OkHttp ConnectionPool] A connection to http://localhost:8023/ was leaked. Did you forget to close a response body? To see where this was allocated, set the OkHttpClient logger level to FINE: Logger.getLogger(OkHttpClient.class.getName()).setLevel(Level.FINE);
2021-06-29 10:09:52,602 WARN okhttp3.internal.platform.Platform [OkHttp ConnectionPool] A connection to http://localhost:8023/ was leaked. Did you forget to close a response body? To see where this was allocated, set the OkHttpClient logger level to FINE: Logger.getLogger(OkHttpClient.class.getName()).setLevel(Level.FINE);
2021-06-29 10:09:52,603 WARN okhttp3.internal.platform.Platform [OkHttp ConnectionPool] A connection to http://localhost:8023/ was leaked. Did you forget to close a response body? To see where this was allocated, set the OkHttpClient logger level to FINE: Logger.getLogger(OkHttpClient.class.getName()).setLevel(Level.FINE);
2021-06-29 10:09:52,603 WARN okhttp3.internal.platform.Platform [OkHttp ConnectionPool] A connection to http://localhost:8023/ was leaked. Did you forget to close a response body? To see where this was allocated, set the OkHttpClient logger level to FINE: Logger.getLogger(OkHttpClient.class.getName()).setLevel(Level.FINE);
2021-06-29 10:09:52,604 WARN okhttp3.internal.platform.Platform [OkHttp ConnectionPool] A connection to http://localhost:8023/ was leaked. Did you forget to close a response body? To see where this was allocated, set the OkHttpClient logger level to FINE: Logger.getLogger(OkHttpClient.class.getName()).setLevel(Level.FINE);
2021-06-29 10:09:52,604 WARN okhttp3.internal.platform.Platform [OkHttp ConnectionPool] A connection to http://localhost:8023/ was leaked. Did you forget to close a response body? To see where this was allocated, set the OkHttpClient logger level to FINE: Logger.getLogger(OkHttpClient.class.getName()).setLevel(Level.FINE);
2021-06-29 10:09:52,605 WARN okhttp3.internal.platform.Platform [OkHttp ConnectionPool] A connection to http://localhost:8023/ was leaked. Did you forget to close a response body? To see where this was allocated, set the OkHttpClient logger level to FINE: Logger.getLogger(OkHttpClient.class.getName()).setLevel(Level.FINE);
2021-06-29 10:09:52,605 WARN okhttp3.internal.platform.Platform [OkHttp ConnectionPool] A connection to http://localhost:8023/ was leaked. Did you forget to close a response body? To see where this was allocated, set the OkHttpClient logger level to FINE: Logger.getLogger(OkHttpClient.class.getName()).setLevel(Level.FINE);
2021-06-29 10:09:52,606 WARN okhttp3.internal.platform.Platform [OkHttp ConnectionPool] A connection to http://localhost:8023/ was leaked. Did you forget to close a response body? To see where this was allocated, set the OkHttpClient logger level to FINE: Logger.getLogger(OkHttpClient.class.getName()).setLevel(Level.FINE);
2021-06-29 10:09:52,606 WARN okhttp3.internal.platform.Platform [OkHttp ConnectionPool] A connection to http://localhost:8023/ was leaked. Did you forget to close a response body? To see where this was allocated, set the OkHttpClient logger level to FINE: Logger.getLogger(OkHttpClient.class.getName()).setLevel(Level.FINE);
2021-06-29 10:09:52,607 WARN okhttp3.internal.platform.Platform [OkHttp ConnectionPool] A connection to http://localhost:8023/ was leaked. Did you forget to close a response body? To see where this was allocated, set the OkHttpClient logger level to FINE: Logger.getLogger(OkHttpClient.class.getName()).setLevel(Level.FINE);
2021-06-29 10:09:52,607 WARN okhttp3.internal.platform.Platform [OkHttp ConnectionPool] A connection to http://localhost:8023/ was leaked. Did you forget to close a response body? To see where this was allocated, set the OkHttpClient logger level to FINE: Logger.getLogger(OkHttpClient.class.getName()).setLevel(Level.FINE);
2021-06-29 10:09:52,608 WARN okhttp3.internal.platform.Platform [OkHttp ConnectionPool] A connection to http://localhost:8023/ was leaked. Did you forget to close a response body? To see where this was allocated, set the OkHttpClient logger level to FINE: Logger.getLogger(OkHttpClient.class.getName()).setLevel(Level.FINE);
2021-06-29 10:09:52,608 WARN okhttp3.internal.platform.Platform [OkHttp ConnectionPool] A connection to http://localhost:8023/ was leaked. Did you forget to close a response body? To see where this was allocated, set the OkHttpClient logger level to FINE: Logger.getLogger(OkHttpClient.class.getName()).setLevel(Level.FINE);
2021-06-29 10:09:52,609 WARN okhttp3.internal.platform.Platform [OkHttp ConnectionPool] A connection to http://localhost:8023/ was leaked. Did you forget to close a response body? To see where this was allocated, set the OkHttpClient logger level to FINE: Logger.getLogger(OkHttpClient.class.getName()).setLevel(Level.FINE);
2021-06-29 10:09:52,609 WARN okhttp3.internal.platform.Platform [OkHttp ConnectionPool] A connection to http://localhost:8023/ was leaked. Did you forget to close a response body? To see where this was allocated, set the OkHttpClient logger level to FINE: Logger.getLogger(OkHttpClient.class.getName()).setLevel(Level.FINE);
2021-06-29 10:09:52,609 WARN okhttp3.internal.platform.Platform [OkHttp ConnectionPool] A connection to http://localhost:8023/ was leaked. Did you forget to close a response body? To see where this was allocated, set the OkHttpClient logger level to FINE: Logger.getLogger(OkHttpClient.class.getName()).setLevel(Level.FINE);
2021-06-29 10:09:52,610 WARN okhttp3.internal.platform.Platform [OkHttp ConnectionPool] A connection to http://localhost:8023/ was leaked. Did you forget to close a response body? To see where this was allocated, set the OkHttpClient logger level to FINE: Logger.getLogger(OkHttpClient.class.getName()).setLevel(Level.FINE);
2021-06-29 10:09:52,610 WARN okhttp3.internal.platform.Platform [OkHttp ConnectionPool] A connection to http://localhost:8023/ was leaked. Did you forget to close a response body? To see where this was allocated, set the OkHttpClient logger level to FINE: Logger.getLogger(OkHttpClient.class.getName()).setLevel(Level.FINE);
2021-06-29 10:09:52,610 WARN okhttp3.internal.platform.Platform [OkHttp ConnectionPool] A connection to http://localhost:8023/ was leaked. Did you forget to close a response body? To see where this was allocated, set the OkHttpClient logger level to FINE: Logger.getLogger(OkHttpClient.class.getName()).setLevel(Level.FINE);
2021-06-29 10:09:52,611 WARN okhttp3.internal.platform.Platform [OkHttp ConnectionPool] A connection to http://localhost:8023/ was leaked. Did you forget to close a response body? To see where this was allocated, set the OkHttpClient logger level to FINE: Logger.getLogger(OkHttpClient.class.getName()).setLevel(Level.FINE);
2021-06-29 10:09:52,611 WARN okhttp3.internal.platform.Platform [OkHttp ConnectionPool] A connection to http://localhost:8023/ was leaked. Did you forget to close a response body? To see where this was allocated, set the OkHttpClient logger level to FINE: Logger.getLogger(OkHttpClient.class.getName()).setLevel(Level.FINE);
2021-06-29 10:09:52,612 WARN okhttp3.internal.platform.Platform [OkHttp ConnectionPool] A connection to http://localhost:8023/ was leaked. Did you forget to close a response body? To see where this was allocated, set the OkHttpClient logger level to FINE: Logger.getLogger(OkHttpClient.class.getName()).setLevel(Level.FINE);
2021-06-29 10:09:52,612 WARN okhttp3.internal.platform.Platform [OkHttp ConnectionPool] A connection to http://localhost:8023/ was leaked. Did you forget to close a response body? To see where this was allocated, set the OkHttpClient logger level to FINE: Logger.getLogger(OkHttpClient.class.getName()).setLevel(Level.FINE);
2021-06-29 10:09:52,612 WARN okhttp3.internal.platform.Platform [OkHttp ConnectionPool] A connection to http://localhost:8023/ was leaked. Did you forget to close a response body? To see where this was allocated, set the OkHttpClient logger level to FINE: Logger.getLogger(OkHttpClient.class.getName()).setLevel(Level.FINE);
2021-06-29 10:09:52,612 WARN okhttp3.internal.platform.Platform [OkHttp ConnectionPool] A connection to http://localhost:8023/ was leaked. Did you forget to close a response body? To see where this was allocated, set the OkHttpClient logger level to FINE: Logger.getLogger(OkHttpClient.class.getName()).setLevel(Level.FINE);
2021-06-29 10:09:52,613 WARN okhttp3.internal.platform.Platform [OkHttp ConnectionPool] A connection to http://localhost:8023/ was leaked. Did you forget to close a response body? To see where this was allocated, set the OkHttpClient logger level to FINE: Logger.getLogger(OkHttpClient.class.getName()).setLevel(Level.FINE);
2021-06-29 10:09:52,613 WARN okhttp3.internal.platform.Platform [OkHttp ConnectionPool] A connection to http://localhost:8023/ was leaked. Did you forget to close a response body? To see where this was allocated, set the OkHttpClient logger level to FINE: Logger.getLogger(OkHttpClient.class.getName()).setLevel(Level.FINE);
2021-06-29 10:09:52,613 WARN okhttp3.internal.platform.Platform [OkHttp ConnectionPool] A connection to http://localhost:8023/ was leaked. Did you forget to close a response body? To see where this was allocated, set the OkHttpClient logger level to FINE: Logger.getLogger(OkHttpClient.class.getName()).setLevel(Level.FINE);
2021-06-29 10:09:52,614 WARN okhttp3.internal.platform.Platform [OkHttp ConnectionPool] A connection to http://localhost:8023/ was leaked. Did you forget to close a response body? To see where this was allocated, set the OkHttpClient logger level to FINE: Logger.getLogger(OkHttpClient.class.getName()).setLevel(Level.FINE);
2021-06-29 10:09:52,614 WARN okhttp3.internal.platform.Platform [OkHttp ConnectionPool] A connection to http://localhost:8023/ was leaked. Did you forget to close a response body? To see where this was allocated, set the OkHttpClient logger level to FINE: Logger.getLogger(OkHttpClient.class.getName()).setLevel(Level.FINE);
2021-06-29 10:09:52,614 WARN okhttp3.internal.platform.Platform [OkHttp ConnectionPool] A connection to http://localhost:8023/ was leaked. Did you forget to close a response body? To see where this was allocated, set the OkHttpClient logger level to FINE: Logger.getLogger(OkHttpClient.class.getName()).setLevel(Level.FINE);
2021-06-29 10:09:52,614 WARN okhttp3.internal.platform.Platform [OkHttp ConnectionPool] A connection to http://localhost:8023/ was leaked. Did you forget to close a response body? To see where this was allocated, set the OkHttpClient logger level to FINE: Logger.getLogger(OkHttpClient.class.getName()).setLevel(Level.FINE);
2021-06-29 10:09:52,615 WARN okhttp3.internal.platform.Platform [OkHttp ConnectionPool] A connection to http://localhost:8023/ was leaked. Did you forget to close a response body? To see where this was allocated, set the OkHttpClient logger level to FINE: Logger.getLogger(OkHttpClient.class.getName()).setLevel(Level.FINE);
2021-06-29 10:09:52,615 WARN okhttp3.internal.platform.Platform [OkHttp ConnectionPool] A connection to http://localhost:8023/ was leaked. Did you forget to close a response body? To see where this was allocated, set the OkHttpClient logger level to FINE: Logger.getLogger(OkHttpClient.class.getName()).setLevel(Level.FINE);
2021-06-29 10:09:52,615 WARN okhttp3.internal.platform.Platform [OkHttp ConnectionPool] A connection to http://localhost:8023/ was leaked. Did you forget to close a response body? To see where this was allocated, set the OkHttpClient logger level to FINE: Logger.getLogger(OkHttpClient.class.getName()).setLevel(Level.FINE);
2021-06-29 10:09:52,616 WARN okhttp3.internal.platform.Platform [OkHttp ConnectionPool] A connection to http://localhost:8023/ was leaked. Did you forget to close a response body? To see where this was allocated, set the OkHttpClient logger level to FINE: Logger.getLogger(OkHttpClient.class.getName()).setLevel(Level.FINE);
2021-06-29 10:09:52,616 WARN okhttp3.internal.platform.Platform [OkHttp ConnectionPool] A connection to http://localhost:8023/ was leaked. Did you forget to close a response body? To see where this was allocated, set the OkHttpClient logger level to FINE: Logger.getLogger(OkHttpClient.class.getName()).setLevel(Level.FINE);
2021-06-29 10:09:52,616 WARN okhttp3.internal.platform.Platform [OkHttp ConnectionPool] A connection to http://localhost:8023/ was leaked. Did you forget to close a response body? To see where this was allocated, set the OkHttpClient logger level to FINE: Logger.getLogger(OkHttpClient.class.getName()).setLevel(Level.FINE);
2021-06-29 10:09:52,617 WARN okhttp3.internal.platform.Platform [OkHttp ConnectionPool] A connection to http://localhost:8023/ was leaked. Did you forget to close a response body? To see where this was allocated, set the OkHttpClient logger level to FINE: Logger.getLogger(OkHttpClient.class.getName()).setLevel(Level.FINE);
2021-06-29 10:09:52,617 WARN okhttp3.internal.platform.Platform [OkHttp ConnectionPool] A connection to http://localhost:8023/ was leaked. Did you forget to close a response body? To see where this was allocated, set the OkHttpClient logger level to FINE: Logger.getLogger(OkHttpClient.class.getName()).setLevel(Level.FINE);
2021-06-29 10:09:52,618 WARN okhttp3.internal.platform.Platform [OkHttp ConnectionPool] A connection to http://localhost:8023/ was leaked. Did you forget to close a response body? To see where this was allocated, set the OkHttpClient logger level to FINE: Logger.getLogger(OkHttpClient.class.getName()).setLevel(Level.FINE);
2021-06-29 10:09:52,618 WARN okhttp3.internal.platform.Platform [OkHttp ConnectionPool] A connection to http://localhost:8023/ was leaked. Did you forget to close a response body? To see where this was allocated, set the OkHttpClient logger level to FINE: Logger.getLogger(OkHttpClient.class.getName()).setLevel(Level.FINE);
2021-06-29 10:10:45,993 INFO com.marklogic.hub.central.controllers.ModelController [http-nio-8080-exec-4] Generating model-based resource configurations
2021-06-29 10:10:46,230 INFO com.marklogic.hub.central.controllers.ModelController [http-nio-8080-exec-4] Deploying search options
2021-06-29 10:11:00,193 INFO com.marklogic.hub.central.controllers.ModelController [http-nio-8080-exec-4] Deploying protected paths
2021-06-29 10:11:00,218 INFO com.marklogic.mgmt.ManageClient [http-nio-8080-exec-4] Sending JSON POST request as user 'hubdev' to path: /manage/v2/protected-paths
2021-06-29 10:11:08,024 INFO com.marklogic.hub.central.controllers.ModelController [http-nio-8080-exec-4] Deploying query rolesets
2021-06-29 10:11:08,028 INFO com.marklogic.mgmt.ManageClient [http-nio-8080-exec-4] Sending JSON POST request as user 'hubdev' to path: /manage/v2/query-rolesets
2021-06-29 10:11:08,292 INFO com.marklogic.hub.central.controllers.ModelController [http-nio-8080-exec-4] Deploying database indexes
2021-06-29 10:11:08,294 INFO com.marklogic.mgmt.ManageClient [http-nio-8080-exec-4] Sending JSON GET request as user 'hubdev' to path: /manage/v2/databases/quantum-STAGING/properties
2021-06-29 10:11:08,770 INFO com.marklogic.mgmt.ManageClient [http-nio-8080-exec-4] Sending JSON PUT request as user 'hubdev' to path: /manage/v2/databases/quantum-STAGING/properties
2021-06-29 10:11:12,941 INFO com.marklogic.mgmt.ManageClient [http-nio-8080-exec-4] Sending JSON GET request as user 'hubdev' to path: /manage/v2/databases/quantum-FINAL/properties
2021-06-29 10:11:15,401 INFO com.marklogic.mgmt.ManageClient [http-nio-8080-exec-4] Sending JSON PUT request as user 'hubdev' to path: /manage/v2/databases/quantum-FINAL/properties
2021-06-29 10:11:18,557 INFO com.marklogic.hub.central.controllers.ModelController [http-nio-8080-exec-4] Finished generating and deploying model-based resource configurations, time: 32564
2021-06-29 10:11:48,999 INFO com.marklogic.client.datamovement.impl.WriteBatcherImpl [Thread-88] flushing 97 queued docs
2021-06-29 10:36:57,971 INFO com.marklogic.hub.central.controllers.FlowController [http-nio-8080-exec-8] Uploading files to C:\Users\pvanderv\AppData\Local\Temp\ingestion-4258950301157231877 in the server. If 'inputFilePath'  is specified in the ingestion step, this path overrides it.
2021-06-29 10:36:57,989 INFO com.marklogic.hub.central.controllers.FlowController [http-nio-8080-exec-8] Files successfully uploaded
2021-06-29 10:36:58,903 INFO com.marklogic.hub.collector.impl.FileCollector [pool-118-thread-1] Finding files in directory: C:\Users\pvanderv\AppData\Local\Temp\ingestion-4258950301157231877
2021-06-29 10:37:00,542 INFO com.marklogic.client.datamovement.impl.WriteBatcherImpl [pool-118-thread-1] (withForestConfig) Using forests on [localhost] hosts for "quantum-STAGING"
2021-06-29 10:37:00,543 INFO com.marklogic.client.datamovement.impl.WriteBatcherImpl [pool-118-thread-1] Adding DatabaseClient on port 8020 for host "localhost" to the rotation
2021-06-29 10:37:00,543 INFO com.marklogic.client.datamovement.impl.WriteBatcherImpl [pool-118-thread-1] threadCount=4
2021-06-29 10:37:00,544 INFO com.marklogic.client.datamovement.impl.WriteBatcherImpl [pool-118-thread-1] batchSize=100
2021-06-29 10:37:07,705 INFO com.marklogic.hub.central.controllers.FlowController [http-nio-8080-exec-3] Uploading files to C:\Users\pvanderv\AppData\Local\Temp\ingestion-6907365498190631533 in the server. If 'inputFilePath'  is specified in the ingestion step, this path overrides it.
2021-06-29 10:37:07,887 INFO com.marklogic.hub.central.controllers.FlowController [http-nio-8080-exec-3] Files successfully uploaded
2021-06-29 10:37:08,096 INFO com.marklogic.hub.collector.impl.FileCollector [pool-120-thread-1] Finding files in directory: C:\Users\pvanderv\AppData\Local\Temp\ingestion-6907365498190631533
2021-06-29 10:37:08,122 INFO com.marklogic.client.datamovement.impl.WriteBatcherImpl [pool-120-thread-1] (withForestConfig) Using forests on [localhost] hosts for "quantum-STAGING"
2021-06-29 10:37:08,123 INFO com.marklogic.client.datamovement.impl.WriteBatcherImpl [pool-120-thread-1] Adding DatabaseClient on port 8020 for host "localhost" to the rotation
2021-06-29 10:37:08,123 INFO com.marklogic.client.datamovement.impl.WriteBatcherImpl [pool-120-thread-1] threadCount=4
2021-06-29 10:37:08,124 INFO com.marklogic.client.datamovement.impl.WriteBatcherImpl [pool-120-thread-1] batchSize=100
2021-06-29 10:37:30,055 WARN okhttp3.internal.platform.Platform [OkHttp ConnectionPool] A connection to http://localhost:8023/ was leaked. Did you forget to close a response body? To see where this was allocated, set the OkHttpClient logger level to FINE: Logger.getLogger(OkHttpClient.class.getName()).setLevel(Level.FINE);
2021-06-29 10:37:30,056 WARN okhttp3.internal.platform.Platform [OkHttp ConnectionPool] A connection to http://localhost:8023/ was leaked. Did you forget to close a response body? To see where this was allocated, set the OkHttpClient logger level to FINE: Logger.getLogger(OkHttpClient.class.getName()).setLevel(Level.FINE);
2021-06-29 10:37:30,057 WARN okhttp3.internal.platform.Platform [OkHttp ConnectionPool] A connection to http://localhost:8023/ was leaked. Did you forget to close a response body? To see where this was allocated, set the OkHttpClient logger level to FINE: Logger.getLogger(OkHttpClient.class.getName()).setLevel(Level.FINE);
2021-06-29 10:37:30,058 WARN okhttp3.internal.platform.Platform [OkHttp ConnectionPool] A connection to http://localhost:8023/ was leaked. Did you forget to close a response body? To see where this was allocated, set the OkHttpClient logger level to FINE: Logger.getLogger(OkHttpClient.class.getName()).setLevel(Level.FINE);
2021-06-29 10:39:01,904 INFO com.marklogic.client.datamovement.impl.WriteBatcherImpl [Thread-89] flushing 97 queued docs
2021-06-29 10:39:40,844 INFO com.marklogic.hub.step.impl.QueryStepRunner [pool-122-thread-1] Collecting items for step '2' in flow 'ICD10'
2021-06-29 10:39:41,523 INFO com.marklogic.hub.collector.DiskQueue [pool-122-thread-1] created backing store C:\Users\pvanderv\AppData\Local\Temp\DiskQueue-backingstore-3266595829806320277.tmp
2021-06-29 10:39:41,687 INFO com.marklogic.hub.step.impl.QueryStepRunner [pool-122-thread-1] Count of items collected: 184794; will be processed in 1848 batches based on batchSize of 100
2021-06-29 10:39:41,723 INFO com.marklogic.client.datamovement.impl.QueryBatcherImpl [pool-122-thread-1] (withForestConfig) Using forests on [localhost] hosts for "quantum-STAGING"
2021-06-29 10:39:41,724 WARN com.marklogic.client.datamovement.impl.QueryBatcherImpl [pool-122-thread-1] docBatchSize is beyond maxDocBatchSize
2021-06-29 10:39:41,724 INFO com.marklogic.hub.step.impl.QueryStepRunner [pool-122-thread-1] Starting processing of items for step '2' in flow 'ICD10'
2021-06-29 10:39:41,725 INFO com.marklogic.client.datamovement.impl.QueryBatcherImpl [pool-122-thread-1] Starting job docBatchSize=100, docToUriBatchRatio=1, threadThrottleFactor= 0, threadCount=4, onUrisReady listeners=2, failure listeners=4
2021-06-29 10:45:23,633 INFO com.marklogic.client.datamovement.impl.QueryBatcherImpl$QueryThreadPoolExecutor [Thread-90] Job complete, jobBatchNumber=1848, jobResultsSoFar=184794
2021-06-29 10:45:23,634 INFO com.marklogic.hub.step.impl.QueryStepRunner [Thread-90] Finished processing of items for step '2' in flow 'ICD10'
2021-06-29 10:49:01,461 INFO com.marklogic.hub.central.controllers.ModelController [http-nio-8080-exec-2] Generating model-based resource configurations
2021-06-29 10:49:01,502 INFO com.marklogic.hub.central.controllers.ModelController [http-nio-8080-exec-2] Deploying search options
2021-06-29 10:49:05,123 INFO com.marklogic.hub.central.controllers.ModelController [http-nio-8080-exec-2] Deploying protected paths
2021-06-29 10:49:05,124 INFO com.marklogic.mgmt.ManageClient [http-nio-8080-exec-2] Sending JSON POST request as user 'hubdev' to path: /manage/v2/protected-paths
2021-06-29 10:49:07,058 INFO com.marklogic.hub.central.controllers.ModelController [http-nio-8080-exec-2] Deploying query rolesets
2021-06-29 10:49:07,059 INFO com.marklogic.mgmt.ManageClient [http-nio-8080-exec-2] Sending JSON POST request as user 'hubdev' to path: /manage/v2/query-rolesets
2021-06-29 10:49:07,117 INFO com.marklogic.hub.central.controllers.ModelController [http-nio-8080-exec-2] Deploying database indexes
2021-06-29 10:49:07,118 INFO com.marklogic.mgmt.ManageClient [http-nio-8080-exec-2] Sending JSON GET request as user 'hubdev' to path: /manage/v2/databases/quantum-STAGING/properties
2021-06-29 10:49:07,280 INFO com.marklogic.mgmt.ManageClient [http-nio-8080-exec-2] Sending JSON PUT request as user 'hubdev' to path: /manage/v2/databases/quantum-STAGING/properties
2021-06-29 10:49:09,947 INFO com.marklogic.mgmt.ManageClient [http-nio-8080-exec-2] Sending JSON GET request as user 'hubdev' to path: /manage/v2/databases/quantum-FINAL/properties
2021-06-29 10:49:11,854 INFO com.marklogic.mgmt.ManageClient [http-nio-8080-exec-2] Sending JSON PUT request as user 'hubdev' to path: /manage/v2/databases/quantum-FINAL/properties
2021-06-29 10:49:13,342 INFO com.marklogic.hub.central.controllers.ModelController [http-nio-8080-exec-2] Finished generating and deploying model-based resource configurations, time: 11881
2021-06-29 10:53:13,057 INFO com.marklogic.hub.step.impl.QueryStepRunner [pool-124-thread-1] Collecting items for step '2' in flow 'ICD10'
2021-06-29 10:53:13,435 INFO com.marklogic.hub.collector.DiskQueue [pool-124-thread-1] created backing store C:\Users\pvanderv\AppData\Local\Temp\DiskQueue-backingstore-3930448585483274433.tmp
2021-06-29 10:53:13,553 INFO com.marklogic.hub.step.impl.QueryStepRunner [pool-124-thread-1] Count of items collected: 184794; will be processed in 1848 batches based on batchSize of 100
2021-06-29 10:53:15,164 INFO com.marklogic.client.datamovement.impl.QueryBatcherImpl [pool-124-thread-1] (withForestConfig) Using forests on [localhost] hosts for "quantum-STAGING"
2021-06-29 10:53:15,165 WARN com.marklogic.client.datamovement.impl.QueryBatcherImpl [pool-124-thread-1] docBatchSize is beyond maxDocBatchSize
2021-06-29 10:53:15,166 INFO com.marklogic.hub.step.impl.QueryStepRunner [pool-124-thread-1] Starting processing of items for step '2' in flow 'ICD10'
2021-06-29 10:53:15,166 INFO com.marklogic.client.datamovement.impl.QueryBatcherImpl [pool-124-thread-1] Starting job docBatchSize=100, docToUriBatchRatio=1, threadThrottleFactor= 0, threadCount=4, onUrisReady listeners=2, failure listeners=4
2021-06-29 10:58:31,361 INFO com.marklogic.client.datamovement.impl.QueryBatcherImpl$QueryThreadPoolExecutor [Thread-91] Job complete, jobBatchNumber=1848, jobResultsSoFar=184794
2021-06-29 10:58:31,362 INFO com.marklogic.hub.step.impl.QueryStepRunner [Thread-91] Finished processing of items for step '2' in flow 'ICD10'
2021-06-29 11:16:16,486 INFO com.marklogic.hub.central.controllers.ModelController [http-nio-8080-exec-2] Generating model-based resource configurations
2021-06-29 11:16:16,775 INFO com.marklogic.hub.central.controllers.ModelController [http-nio-8080-exec-2] Deploying search options
2021-06-29 11:16:21,612 INFO com.marklogic.hub.central.controllers.ModelController [http-nio-8080-exec-2] Deploying protected paths
2021-06-29 11:16:21,613 INFO com.marklogic.mgmt.ManageClient [http-nio-8080-exec-2] Sending JSON POST request as user 'hubdev' to path: /manage/v2/protected-paths
2021-06-29 11:16:23,654 INFO com.marklogic.hub.central.controllers.ModelController [http-nio-8080-exec-2] Deploying query rolesets
2021-06-29 11:16:23,655 INFO com.marklogic.mgmt.ManageClient [http-nio-8080-exec-2] Sending JSON POST request as user 'hubdev' to path: /manage/v2/query-rolesets
2021-06-29 11:16:23,756 INFO com.marklogic.hub.central.controllers.ModelController [http-nio-8080-exec-2] Deploying database indexes
2021-06-29 11:16:23,757 INFO com.marklogic.mgmt.ManageClient [http-nio-8080-exec-2] Sending JSON GET request as user 'hubdev' to path: /manage/v2/databases/quantum-STAGING/properties
2021-06-29 11:16:23,913 INFO com.marklogic.mgmt.ManageClient [http-nio-8080-exec-2] Sending JSON PUT request as user 'hubdev' to path: /manage/v2/databases/quantum-STAGING/properties
2021-06-29 11:16:26,631 INFO com.marklogic.mgmt.ManageClient [http-nio-8080-exec-2] Sending JSON GET request as user 'hubdev' to path: /manage/v2/databases/quantum-FINAL/properties
2021-06-29 11:16:28,475 INFO com.marklogic.mgmt.ManageClient [http-nio-8080-exec-2] Sending JSON PUT request as user 'hubdev' to path: /manage/v2/databases/quantum-FINAL/properties
2021-06-29 11:16:29,921 INFO com.marklogic.hub.central.controllers.ModelController [http-nio-8080-exec-2] Finished generating and deploying model-based resource configurations, time: 13435
2021-06-29 11:18:43,084 INFO com.marklogic.hub.step.impl.QueryStepRunner [pool-126-thread-1] Collecting items for step '2' in flow 'ICD10'
2021-06-29 11:18:43,549 INFO com.marklogic.hub.collector.DiskQueue [pool-126-thread-1] created backing store C:\Users\pvanderv\AppData\Local\Temp\DiskQueue-backingstore-5978124592262623252.tmp
2021-06-29 11:18:43,708 INFO com.marklogic.hub.step.impl.QueryStepRunner [pool-126-thread-1] Count of items collected: 184794; will be processed in 1848 batches based on batchSize of 100
2021-06-29 11:18:45,394 INFO com.marklogic.client.datamovement.impl.QueryBatcherImpl [pool-126-thread-1] (withForestConfig) Using forests on [localhost] hosts for "quantum-STAGING"
2021-06-29 11:18:45,395 WARN com.marklogic.client.datamovement.impl.QueryBatcherImpl [pool-126-thread-1] docBatchSize is beyond maxDocBatchSize
2021-06-29 11:18:45,396 INFO com.marklogic.hub.step.impl.QueryStepRunner [pool-126-thread-1] Starting processing of items for step '2' in flow 'ICD10'
2021-06-29 11:18:45,396 INFO com.marklogic.client.datamovement.impl.QueryBatcherImpl [pool-126-thread-1] Starting job docBatchSize=100, docToUriBatchRatio=1, threadThrottleFactor= 0, threadCount=4, onUrisReady listeners=2, failure listeners=4
2021-06-29 11:20:38,380 WARN okhttp3.internal.platform.Platform [OkHttp ConnectionPool] A connection to http://localhost:8023/ was leaked. Did you forget to close a response body? To see where this was allocated, set the OkHttpClient logger level to FINE: Logger.getLogger(OkHttpClient.class.getName()).setLevel(Level.FINE);
2021-06-29 11:20:38,381 WARN okhttp3.internal.platform.Platform [OkHttp ConnectionPool] A connection to http://localhost:8023/ was leaked. Did you forget to close a response body? To see where this was allocated, set the OkHttpClient logger level to FINE: Logger.getLogger(OkHttpClient.class.getName()).setLevel(Level.FINE);
2021-06-29 11:20:38,382 WARN okhttp3.internal.platform.Platform [OkHttp ConnectionPool] A connection to http://localhost:8023/ was leaked. Did you forget to close a response body? To see where this was allocated, set the OkHttpClient logger level to FINE: Logger.getLogger(OkHttpClient.class.getName()).setLevel(Level.FINE);
2021-06-29 11:20:38,382 WARN okhttp3.internal.platform.Platform [OkHttp ConnectionPool] A connection to http://localhost:8023/ was leaked. Did you forget to close a response body? To see where this was allocated, set the OkHttpClient logger level to FINE: Logger.getLogger(OkHttpClient.class.getName()).setLevel(Level.FINE);
2021-06-29 11:20:38,383 WARN okhttp3.internal.platform.Platform [OkHttp ConnectionPool] A connection to http://localhost:8023/ was leaked. Did you forget to close a response body? To see where this was allocated, set the OkHttpClient logger level to FINE: Logger.getLogger(OkHttpClient.class.getName()).setLevel(Level.FINE);
2021-06-29 11:20:38,383 WARN okhttp3.internal.platform.Platform [OkHttp ConnectionPool] A connection to http://localhost:8023/ was leaked. Did you forget to close a response body? To see where this was allocated, set the OkHttpClient logger level to FINE: Logger.getLogger(OkHttpClient.class.getName()).setLevel(Level.FINE);
2021-06-29 11:24:06,630 INFO com.marklogic.client.datamovement.impl.QueryBatcherImpl$QueryThreadPoolExecutor [Thread-92] Job complete, jobBatchNumber=1848, jobResultsSoFar=184794
2021-06-29 11:24:06,631 INFO com.marklogic.hub.step.impl.QueryStepRunner [Thread-92] Finished processing of items for step '2' in flow 'ICD10'
2021-06-29 11:27:10,970 INFO com.marklogic.hub.step.impl.QueryStepRunner [pool-128-thread-1] Collecting items for step '2' in flow 'ICD10'
2021-06-29 11:27:11,227 INFO com.marklogic.hub.collector.DiskQueue [pool-128-thread-1] created backing store C:\Users\pvanderv\AppData\Local\Temp\DiskQueue-backingstore-7425111808234361045.tmp
2021-06-29 11:27:11,452 INFO com.marklogic.hub.step.impl.QueryStepRunner [pool-128-thread-1] Count of items collected: 184794; will be processed in 1848 batches based on batchSize of 100
2021-06-29 11:27:12,283 INFO com.marklogic.client.datamovement.impl.QueryBatcherImpl [pool-128-thread-1] (withForestConfig) Using forests on [localhost] hosts for "quantum-STAGING"
2021-06-29 11:27:12,283 WARN com.marklogic.client.datamovement.impl.QueryBatcherImpl [pool-128-thread-1] docBatchSize is beyond maxDocBatchSize
2021-06-29 11:27:12,284 INFO com.marklogic.hub.step.impl.QueryStepRunner [pool-128-thread-1] Starting processing of items for step '2' in flow 'ICD10'
2021-06-29 11:27:12,285 INFO com.marklogic.client.datamovement.impl.QueryBatcherImpl [pool-128-thread-1] Starting job docBatchSize=100, docToUriBatchRatio=1, threadThrottleFactor= 0, threadCount=4, onUrisReady listeners=2, failure listeners=4
2021-06-29 11:32:17,930 INFO com.marklogic.client.datamovement.impl.QueryBatcherImpl$QueryThreadPoolExecutor [Thread-94] Job complete, jobBatchNumber=1848, jobResultsSoFar=184794
2021-06-29 11:32:17,931 INFO com.marklogic.hub.step.impl.QueryStepRunner [Thread-94] Finished processing of items for step '2' in flow 'ICD10'
2021-06-29 11:37:57,616 INFO com.marklogic.hub.central.controllers.ModelController [http-nio-8080-exec-6] Generating model-based resource configurations
2021-06-29 11:37:57,655 INFO com.marklogic.hub.central.controllers.ModelController [http-nio-8080-exec-6] Deploying search options
2021-06-29 11:38:02,236 INFO com.marklogic.hub.central.controllers.ModelController [http-nio-8080-exec-6] Deploying protected paths
2021-06-29 11:38:02,237 INFO com.marklogic.mgmt.ManageClient [http-nio-8080-exec-6] Sending JSON POST request as user 'hubdev' to path: /manage/v2/protected-paths
2021-06-29 11:38:04,229 INFO com.marklogic.hub.central.controllers.ModelController [http-nio-8080-exec-6] Deploying query rolesets
2021-06-29 11:38:04,231 INFO com.marklogic.mgmt.ManageClient [http-nio-8080-exec-6] Sending JSON POST request as user 'hubdev' to path: /manage/v2/query-rolesets
2021-06-29 11:38:04,310 INFO com.marklogic.hub.central.controllers.ModelController [http-nio-8080-exec-6] Deploying database indexes
2021-06-29 11:38:04,311 INFO com.marklogic.mgmt.ManageClient [http-nio-8080-exec-6] Sending JSON GET request as user 'hubdev' to path: /manage/v2/databases/quantum-STAGING/properties
2021-06-29 11:38:04,499 INFO com.marklogic.mgmt.ManageClient [http-nio-8080-exec-6] Sending JSON PUT request as user 'hubdev' to path: /manage/v2/databases/quantum-STAGING/properties
2021-06-29 11:38:07,403 INFO com.marklogic.mgmt.ManageClient [http-nio-8080-exec-6] Sending JSON GET request as user 'hubdev' to path: /manage/v2/databases/quantum-FINAL/properties
2021-06-29 11:38:09,365 INFO com.marklogic.mgmt.ManageClient [http-nio-8080-exec-6] Sending JSON PUT request as user 'hubdev' to path: /manage/v2/databases/quantum-FINAL/properties
2021-06-29 11:38:11,051 INFO com.marklogic.hub.central.controllers.ModelController [http-nio-8080-exec-6] Finished generating and deploying model-based resource configurations, time: 13435
2021-06-29 11:42:47,984 INFO com.marklogic.hub.step.impl.QueryStepRunner [pool-130-thread-1] Collecting items for step '2' in flow 'ICD10'
2021-06-29 11:42:48,226 INFO com.marklogic.hub.collector.DiskQueue [pool-130-thread-1] created backing store C:\Users\pvanderv\AppData\Local\Temp\DiskQueue-backingstore-4734185968390288875.tmp
2021-06-29 11:42:48,446 INFO com.marklogic.hub.step.impl.QueryStepRunner [pool-130-thread-1] Count of items collected: 184794; will be processed in 1848 batches based on batchSize of 100
2021-06-29 11:42:50,105 INFO com.marklogic.client.datamovement.impl.QueryBatcherImpl [pool-130-thread-1] (withForestConfig) Using forests on [localhost] hosts for "quantum-STAGING"
2021-06-29 11:42:50,106 WARN com.marklogic.client.datamovement.impl.QueryBatcherImpl [pool-130-thread-1] docBatchSize is beyond maxDocBatchSize
2021-06-29 11:42:50,107 INFO com.marklogic.hub.step.impl.QueryStepRunner [pool-130-thread-1] Starting processing of items for step '2' in flow 'ICD10'
2021-06-29 11:42:50,107 INFO com.marklogic.client.datamovement.impl.QueryBatcherImpl [pool-130-thread-1] Starting job docBatchSize=100, docToUriBatchRatio=1, threadThrottleFactor= 0, threadCount=4, onUrisReady listeners=2, failure listeners=4
2021-06-29 11:50:30,546 INFO com.marklogic.client.datamovement.impl.QueryBatcherImpl$QueryThreadPoolExecutor [Thread-96] Job complete, jobBatchNumber=1848, jobResultsSoFar=184794
2021-06-29 11:50:30,547 INFO com.marklogic.hub.step.impl.QueryStepRunner [Thread-96] Finished processing of items for step '2' in flow 'ICD10'
2021-06-29 11:55:43,992 INFO com.marklogic.hub.central.controllers.FlowController [http-nio-8080-exec-4] Uploading files to C:\Users\pvanderv\AppData\Local\Temp\ingestion-5778235266925273875 in the server. If 'inputFilePath'  is specified in the ingestion step, this path overrides it.
2021-06-29 11:55:44,189 INFO com.marklogic.hub.central.controllers.FlowController [http-nio-8080-exec-4] Files successfully uploaded
2021-06-29 11:55:44,708 INFO com.marklogic.hub.collector.impl.FileCollector [pool-132-thread-1] Finding files in directory: C:\Users\pvanderv\AppData\Local\Temp\ingestion-5778235266925273875
2021-06-29 11:55:46,319 INFO com.marklogic.client.datamovement.impl.WriteBatcherImpl [pool-132-thread-1] (withForestConfig) Using forests on [localhost] hosts for "quantum-STAGING"
2021-06-29 11:55:46,320 INFO com.marklogic.client.datamovement.impl.WriteBatcherImpl [pool-132-thread-1] Adding DatabaseClient on port 8020 for host "localhost" to the rotation
2021-06-29 11:55:46,321 INFO com.marklogic.client.datamovement.impl.WriteBatcherImpl [pool-132-thread-1] threadCount=4
2021-06-29 11:55:46,321 INFO com.marklogic.client.datamovement.impl.WriteBatcherImpl [pool-132-thread-1] batchSize=100
2021-06-29 11:56:04,138 WARN okhttp3.internal.platform.Platform [OkHttp ConnectionPool] A connection to http://localhost:8023/ was leaked. Did you forget to close a response body? To see where this was allocated, set the OkHttpClient logger level to FINE: Logger.getLogger(OkHttpClient.class.getName()).setLevel(Level.FINE);
2021-06-29 11:56:04,140 WARN okhttp3.internal.platform.Platform [OkHttp ConnectionPool] A connection to http://localhost:8023/ was leaked. Did you forget to close a response body? To see where this was allocated, set the OkHttpClient logger level to FINE: Logger.getLogger(OkHttpClient.class.getName()).setLevel(Level.FINE);
2021-06-29 11:56:04,142 WARN okhttp3.internal.platform.Platform [OkHttp ConnectionPool] A connection to http://localhost:8023/ was leaked. Did you forget to close a response body? To see where this was allocated, set the OkHttpClient logger level to FINE: Logger.getLogger(OkHttpClient.class.getName()).setLevel(Level.FINE);
2021-06-29 11:56:04,143 WARN okhttp3.internal.platform.Platform [OkHttp ConnectionPool] A connection to http://localhost:8023/ was leaked. Did you forget to close a response body? To see where this was allocated, set the OkHttpClient logger level to FINE: Logger.getLogger(OkHttpClient.class.getName()).setLevel(Level.FINE);
2021-06-29 11:56:04,144 WARN okhttp3.internal.platform.Platform [OkHttp ConnectionPool] A connection to http://localhost:8023/ was leaked. Did you forget to close a response body? To see where this was allocated, set the OkHttpClient logger level to FINE: Logger.getLogger(OkHttpClient.class.getName()).setLevel(Level.FINE);
2021-06-29 11:56:04,145 WARN okhttp3.internal.platform.Platform [OkHttp ConnectionPool] A connection to http://localhost:8023/ was leaked. Did you forget to close a response body? To see where this was allocated, set the OkHttpClient logger level to FINE: Logger.getLogger(OkHttpClient.class.getName()).setLevel(Level.FINE);
2021-06-29 11:57:49,404 INFO com.marklogic.client.datamovement.impl.WriteBatcherImpl [Thread-97] flushing 72 queued docs
2021-06-29 12:01:35,138 INFO com.marklogic.hub.step.impl.QueryStepRunner [pool-134-thread-1] Collecting items for step '2' in flow 'ICD10'
2021-06-29 12:01:35,518 INFO com.marklogic.hub.collector.DiskQueue [pool-134-thread-1] created backing store C:\Users\pvanderv\AppData\Local\Temp\DiskQueue-backingstore-1686367296195018161.tmp
2021-06-29 12:01:35,714 INFO com.marklogic.hub.step.impl.QueryStepRunner [pool-134-thread-1] Count of items collected: 279566; will be processed in 2796 batches based on batchSize of 100
2021-06-29 12:01:36,581 INFO com.marklogic.client.datamovement.impl.QueryBatcherImpl [pool-134-thread-1] (withForestConfig) Using forests on [localhost] hosts for "quantum-STAGING"
2021-06-29 12:01:36,582 WARN com.marklogic.client.datamovement.impl.QueryBatcherImpl [pool-134-thread-1] docBatchSize is beyond maxDocBatchSize
2021-06-29 12:01:36,583 INFO com.marklogic.hub.step.impl.QueryStepRunner [pool-134-thread-1] Starting processing of items for step '2' in flow 'ICD10'
2021-06-29 12:01:36,583 INFO com.marklogic.client.datamovement.impl.QueryBatcherImpl [pool-134-thread-1] Starting job docBatchSize=100, docToUriBatchRatio=1, threadThrottleFactor= 0, threadCount=4, onUrisReady listeners=2, failure listeners=4
2021-06-29 12:07:06,987 WARN okhttp3.internal.platform.Platform [OkHttp ConnectionPool] A connection to http://localhost:8023/ was leaked. Did you forget to close a response body? To see where this was allocated, set the OkHttpClient logger level to FINE: Logger.getLogger(OkHttpClient.class.getName()).setLevel(Level.FINE);
2021-06-29 12:07:06,988 WARN okhttp3.internal.platform.Platform [OkHttp ConnectionPool] A connection to http://localhost:8023/ was leaked. Did you forget to close a response body? To see where this was allocated, set the OkHttpClient logger level to FINE: Logger.getLogger(OkHttpClient.class.getName()).setLevel(Level.FINE);
2021-06-29 12:17:18,151 INFO com.marklogic.client.datamovement.impl.QueryBatcherImpl$QueryThreadPoolExecutor [Thread-98] Job complete, jobBatchNumber=2796, jobResultsSoFar=279566
2021-06-29 12:17:18,152 INFO com.marklogic.hub.step.impl.QueryStepRunner [Thread-98] Finished processing of items for step '2' in flow 'ICD10'
2021-06-29 13:33:49,708 INFO com.marklogic.appdeployer.DefaultAppConfigFactory [http-nio-8080-exec-10] App host: localhost
2021-06-29 13:33:49,723 INFO com.marklogic.appdeployer.DefaultAppConfigFactory [http-nio-8080-exec-10] REST admin username: hubdev
2021-06-29 13:33:49,725 INFO com.marklogic.appdeployer.DefaultAppConfigFactory [http-nio-8080-exec-10] App Services username: hubdev
2021-06-29 13:33:49,726 INFO com.marklogic.mgmt.admin.DefaultAdminConfigFactory [http-nio-8080-exec-10] Admin interface host: localhost
2021-06-29 13:33:49,727 INFO com.marklogic.mgmt.admin.DefaultAdminConfigFactory [http-nio-8080-exec-10] Admin interface username: hubdev
2021-06-29 13:33:49,728 INFO com.marklogic.mgmt.DefaultManageConfigFactory [http-nio-8080-exec-10] Manage host: localhost
2021-06-29 13:33:49,729 INFO com.marklogic.mgmt.DefaultManageConfigFactory [http-nio-8080-exec-10] Manage username: hubdev
2021-06-29 13:33:49,730 INFO com.marklogic.mgmt.DefaultManageConfigFactory [http-nio-8080-exec-10] Manage user with security role: hubdev
2021-06-29 13:33:50,068 INFO com.marklogic.mgmt.ManageClient [http-nio-8080-exec-10] Initializing ManageClient with manage config of: [ManageConfig host: localhost, port: 8002, username: hubdev, security username: hubdev]
2021-06-29 13:33:50,371 INFO com.marklogic.mgmt.ManageClient [http-nio-8080-exec-10] Initializing ManageClient with manage config of: [ManageConfig host: localhost, port: 8002, username: hubdev, security username: hubdev]
2021-06-29 14:01:13,962 INFO org.springframework.boot.StartupInfoLogger [main] Starting Application on hpzbook-3801 with PID 14288 (C:\dev\quantum-poc\marklogic-data-hub-central-5.5.0.war started by pvanderv in C:\dev\quantum-poc)
2021-06-29 14:01:13,970 INFO org.springframework.boot.SpringApplication [main] No active profile set, falling back to default profiles: default
2021-06-29 14:01:25,170 INFO org.apache.juli.logging.DirectJDKLog [main] Initializing ProtocolHandler ["http-nio-8080"]
2021-06-29 14:01:25,173 INFO org.apache.juli.logging.DirectJDKLog [main] Starting service [Tomcat]
2021-06-29 14:01:25,175 INFO org.apache.juli.logging.DirectJDKLog [main] Starting Servlet engine: [Apache Tomcat/9.0.46]
2021-06-29 14:01:30,848 INFO org.apache.juli.logging.DirectJDKLog [main] Initializing Spring embedded WebApplicationContext
2021-06-29 14:01:32,111 INFO com.marklogic.hub.central.HubCentral [main] Will connect to MarkLogic host: localhost
2021-06-29 14:01:32,112 INFO com.marklogic.hub.central.HubCentral [main] Hub Central is available at port: 8080
2021-06-29 14:01:37,050 INFO org.apache.juli.logging.DirectJDKLog [main] Starting ProtocolHandler ["http-nio-8080"]
2021-06-29 14:01:38,748 INFO org.springframework.boot.StartupInfoLogger [main] Started Application in 27.02 seconds (JVM running for 29.663)
2021-06-29 14:37:31,339 INFO org.apache.juli.logging.DirectJDKLog [http-nio-8080-exec-1] Initializing Spring DispatcherServlet 'dispatcherServlet'
2021-06-29 14:37:47,688 INFO com.marklogic.appdeployer.DefaultAppConfigFactory [http-nio-8080-exec-10] App host: localhost
2021-06-29 14:37:47,689 INFO com.marklogic.appdeployer.DefaultAppConfigFactory [http-nio-8080-exec-10] REST admin username: hubdev
2021-06-29 14:37:47,695 INFO com.marklogic.appdeployer.DefaultAppConfigFactory [http-nio-8080-exec-10] App Services username: hubdev
2021-06-29 14:37:47,715 INFO com.marklogic.mgmt.admin.DefaultAdminConfigFactory [http-nio-8080-exec-10] Admin interface host: localhost
2021-06-29 14:37:47,716 INFO com.marklogic.mgmt.admin.DefaultAdminConfigFactory [http-nio-8080-exec-10] Admin interface username: hubdev
2021-06-29 14:37:47,724 INFO com.marklogic.mgmt.DefaultManageConfigFactory [http-nio-8080-exec-10] Manage host: localhost
2021-06-29 14:37:47,724 INFO com.marklogic.mgmt.DefaultManageConfigFactory [http-nio-8080-exec-10] Manage username: hubdev
2021-06-29 14:37:47,726 INFO com.marklogic.mgmt.DefaultManageConfigFactory [http-nio-8080-exec-10] Manage user with security role: hubdev
2021-06-29 14:37:49,252 INFO com.marklogic.mgmt.ManageClient [http-nio-8080-exec-10] Initializing ManageClient with manage config of: [ManageConfig host: localhost, port: 8002, username: hubdev, security username: hubdev]
2021-06-29 14:37:50,009 INFO com.marklogic.mgmt.ManageClient [http-nio-8080-exec-10] Initializing ManageClient with manage config of: [ManageConfig host: localhost, port: 8002, username: hubdev, security username: hubdev]
2021-06-29 14:38:08,135 INFO com.marklogic.hub.step.impl.QueryStepRunner [pool-1-thread-1] Collecting items for step '2' in flow 'Claim'
2021-06-29 14:38:08,399 INFO com.marklogic.hub.step.impl.QueryStepRunner [pool-1-thread-1] Count of items collected: 996; will be processed in 10 batches based on batchSize of 100
2021-06-29 14:38:09,868 INFO com.marklogic.client.datamovement.impl.QueryBatcherImpl [pool-1-thread-1] (withForestConfig) Using forests on [localhost] hosts for "quantum-STAGING"
2021-06-29 14:38:09,873 WARN com.marklogic.client.datamovement.impl.QueryBatcherImpl [pool-1-thread-1] docBatchSize is beyond maxDocBatchSize
2021-06-29 14:38:09,876 INFO com.marklogic.hub.step.impl.QueryStepRunner [pool-1-thread-1] Starting processing of items for step '2' in flow 'Claim'
2021-06-29 14:38:09,878 INFO com.marklogic.client.datamovement.impl.QueryBatcherImpl [pool-1-thread-1] Starting job docBatchSize=100, docToUriBatchRatio=1, threadThrottleFactor= 0, threadCount=4, onUrisReady listeners=2, failure listeners=4
2021-06-29 14:38:13,861 INFO com.marklogic.client.datamovement.impl.QueryBatcherImpl$QueryThreadPoolExecutor [Thread-3] Job complete, jobBatchNumber=10, jobResultsSoFar=996
2021-06-29 14:38:13,863 INFO com.marklogic.hub.step.impl.QueryStepRunner [Thread-3] Finished processing of items for step '2' in flow 'Claim'
2021-06-29 14:38:44,207 INFO com.marklogic.hub.step.impl.QueryStepRunner [pool-3-thread-1] Collecting items for step '2' in flow 'Claim'
2021-06-29 14:38:44,234 INFO com.marklogic.hub.step.impl.QueryStepRunner [pool-3-thread-1] Count of items collected: 996; will be processed in 10 batches based on batchSize of 100
2021-06-29 14:38:44,264 INFO com.marklogic.client.datamovement.impl.QueryBatcherImpl [pool-3-thread-1] (withForestConfig) Using forests on [localhost] hosts for "quantum-STAGING"
2021-06-29 14:38:44,265 WARN com.marklogic.client.datamovement.impl.QueryBatcherImpl [pool-3-thread-1] docBatchSize is beyond maxDocBatchSize
2021-06-29 14:38:44,270 INFO com.marklogic.hub.step.impl.QueryStepRunner [pool-3-thread-1] Starting processing of items for step '2' in flow 'Claim'
2021-06-29 14:38:44,272 INFO com.marklogic.client.datamovement.impl.QueryBatcherImpl [pool-3-thread-1] Starting job docBatchSize=100, docToUriBatchRatio=1, threadThrottleFactor= 0, threadCount=4, onUrisReady listeners=2, failure listeners=4
